<?xml version="1.0" encoding="UTF-8"?>
<!-- Generated by org.testng.reporters.JUnitReportReporter -->
<testsuite hostname="DESKTOP-ECSS8QS" failures="0" tests="1" name="planittestcase1.testcasef" time="0.529" errors="0" timestamp="2023-03-01T17:31:20 IST" skipped="0">
  <testcase classname="planittestcase1.testcasef" name="testCase1" time="0.529"/>
  <system-out/>
</testsuite> <!-- planittestcase1.testcasef -->
