<?xml version="1.0" encoding="UTF-8"?>
<!-- Generated by org.testng.reporters.JUnitReportReporter -->
<testsuite hostname="DESKTOP-ECSS8QS" failures="0" tests="1" name="testCases.LoginTest" time="2.088" errors="0" timestamp="2023-03-01T00:41:01 IST" skipped="0">
  <testcase classname="testCases.LoginTest" name="logintoApplication" time="2.088"/>
  <system-out/>
</testsuite> <!-- testCases.LoginTest -->
